<?xml version="1.0" encoding="UTF-8"?>
<!-- Generated by org.testng.reporters.JUnitXMLReporter -->
<testsuite hostname="rrajaram-ws" ignored="17" tests="1" failures="0" timestamp="24 Mar 2020 04:30:28 GMT" time="15.871" errors="0">
  <testcase name="ForgotPassword" time="10.411" classname="Xsample"/>
  <testcase name="accountantbookkeeper" time="0.0" classname="Xsample">
    <ignored/>
  </testcase> <!-- accountantbookkeeper -->
  <testcase name="OfferDetails" time="0.0" classname="Xsample">
    <ignored/>
  </testcase> <!-- OfferDetails -->
  <testcase name="Image" time="0.0" classname="Xsample">
    <ignored/>
  </testcase> <!-- Image -->
  <testcase name="LoginErrorPasswordPage" time="0.0" classname="Xsample">
    <ignored/>
  </testcase> <!-- LoginErrorPasswordPage -->
  <testcase name="AddorgQuickBooks8f" time="0.0" classname="Xsample">
    <ignored/>
  </testcase> <!-- AddorgQuickBooks8f -->
  <testcase name="AddorgPaidVersion" time="0.0" classname="Xsample">
    <ignored/>
  </testcase> <!-- AddorgPaidVersion -->
  <testcase name="Signup" time="0.0" classname="Xsample">
    <ignored/>
  </testcase> <!-- Signup -->
  <testcase name="LoginErrorUserPage" time="0.0" classname="Xsample">
    <ignored/>
  </testcase> <!-- LoginErrorUserPage -->
  <testcase name="TestallTabs" time="0.0" classname="Xsample">
    <ignored/>
  </testcase> <!-- TestallTabs -->
  <testcase name="Addorg" time="0.0" classname="Xsample">
    <ignored/>
  </testcase> <!-- Addorg -->
  <testcase name="AddorgStandardPlan" time="0.0" classname="Xsample">
    <ignored/>
  </testcase> <!-- AddorgStandardPlan -->
  <testcase name="TermsPrivacy" time="0.0" classname="Xsample">
    <ignored/>
  </testcase> <!-- TermsPrivacy -->
  <testcase name="AddorgStarterPlan" time="0.0" classname="Xsample">
    <ignored/>
  </testcase> <!-- AddorgStarterPlan -->
  <testcase name="AddorgPremiumPlan" time="0.0" classname="Xsample">
    <ignored/>
  </testcase> <!-- AddorgPremiumPlan -->
  <testcase name="getstarted" time="0.0" classname="Xsample">
    <ignored/>
  </testcase> <!-- getstarted -->
  <testcase name="LogOut" time="0.0" classname="Xsample">
    <ignored/>
  </testcase> <!-- LogOut -->
  <testcase name="CorrectLogin" time="0.0" classname="Xsample">
    <ignored/>
  </testcase> <!-- CorrectLogin -->
</testsuite>
