<?xml version="1.0" encoding="UTF-8"?>
<testng-results skipped="0" failed="0" ignored="17" total="18" passed="1">
  <reporter-output>
  </reporter-output>
  <suite name="Default suite" duration-ms="15871" started-at="2020-03-24T04:30:12Z" finished-at="2020-03-24T04:30:28Z">
    <groups>
    </groups>
    <test name="Default test" duration-ms="15871" started-at="2020-03-24T04:30:12Z" finished-at="2020-03-24T04:30:28Z">
      <class name="Xsample">
        <test-method status="PASS" signature="IntializeDriver()[pri:0, instance:Xsample@7085bdee]" name="IntializeDriver" is-config="true" duration-ms="4492" started-at="2020-03-24T04:30:12Z" finished-at="2020-03-24T04:30:17Z">
          <reporter-output>
          </reporter-output>
        </test-method> <!-- IntializeDriver -->
        <test-method status="PASS" signature="ForgotPassword()[pri:0, instance:Xsample@7085bdee]" name="ForgotPassword" duration-ms="10411" started-at="2020-03-24T04:30:17Z" finished-at="2020-03-24T04:30:27Z">
          <reporter-output>
          </reporter-output>
        </test-method> <!-- ForgotPassword -->
        <test-method status="PASS" signature="CloseBrowser()[pri:0, instance:Xsample@7085bdee]" name="CloseBrowser" is-config="true" duration-ms="945" started-at="2020-03-24T04:30:27Z" finished-at="2020-03-24T04:30:28Z">
          <reporter-output>
          </reporter-output>
        </test-method> <!-- CloseBrowser -->
      </class> <!-- Xsample -->
    </test> <!-- Default test -->
  </suite> <!-- Default suite -->
</testng-results>
